<?xml version="1.0" encoding="UTF-8"?>
<!-- Generated by org.testng.reporters.JUnitReportReporter -->
<testsuite hostname="C10240" failures="0" tests="1" name="cucumberOptions.TestNGTestRunner" time="8.191" errors="0" timestamp="2023-02-24T00:10:53 EET" skipped="0">
  <testcase classname="cucumberOptions.TestNGTestRunner" name="runScenario" time="8.191"/>
  <system-out/>
</testsuite> <!-- cucumberOptions.TestNGTestRunner -->
